2018-08-25 15:13:20,716 [Worker-0] INFO  c.g.t.t.d.PublishedGradleVersions - Gradle version information cache is out-of-date. Trying to update.
2018-08-25 15:21:14,395 [Start Help Server] INFO  org.eclipse.jetty.util.log - Logging initialized @513189ms to org.eclipse.jetty.util.log.Slf4jLog
2018-08-25 15:21:14,615 [Start Help Server] INFO  org.eclipse.jetty.server.Server - jetty-9.4.7.v20170914
2018-08-25 15:21:14,887 [Start Help Server] INFO  org.eclipse.jetty.server.session - DefaultSessionIdManager workerName=node0
2018-08-25 15:21:14,887 [Start Help Server] INFO  org.eclipse.jetty.server.session - No SessionScavenger set, using defaults
2018-08-25 15:21:14,889 [Start Help Server] INFO  org.eclipse.jetty.server.session - Scavenging every 660000ms
2018-08-25 15:21:14,926 [Start Help Server] INFO  o.e.j.server.handler.ContextHandler - Started o.e.j.s.ServletContextHandler@67f8aab6{/help,null,AVAILABLE}
2018-08-25 15:21:14,936 [Start Help Server] INFO  o.e.jetty.server.AbstractConnector - Started ServerConnector@7e5f41fe{HTTP/1.1,[http/1.1]}{127.0.0.1:60607}
2018-08-25 15:21:14,936 [Start Help Server] INFO  org.eclipse.jetty.server.Server - Started @513730ms
2018-08-25 15:34:49,530 [Stop Help Server] INFO  o.e.jetty.server.AbstractConnector - Stopped ServerConnector@7e5f41fe{HTTP/1.1,[http/1.1]}{127.0.0.1:0}
2018-08-25 15:34:49,530 [Stop Help Server] INFO  org.eclipse.jetty.server.session - Stopped scavenging
2018-08-25 15:34:49,545 [Stop Help Server] INFO  o.e.j.server.handler.ContextHandler - Stopped o.e.j.s.ServletContextHandler@67f8aab6{/help,null,UNAVAILABLE}
2018-08-25 15:35:26,762 [Worker-2] INFO  c.g.t.t.d.PublishedGradleVersions - Gradle version information cache is up-to-date. Trying to read.
2018-08-26 21:46:03,287 [Worker-0] INFO  c.g.t.t.d.PublishedGradleVersions - Gradle version information cache is out-of-date. Trying to update.
2018-08-26 22:17:42,918 [Start Help Server] INFO  org.eclipse.jetty.util.log - Logging initialized @1945705ms to org.eclipse.jetty.util.log.Slf4jLog
2018-08-26 22:17:44,451 [Start Help Server] INFO  org.eclipse.jetty.server.Server - jetty-9.4.7.v20170914
2018-08-26 22:17:44,535 [Start Help Server] INFO  org.eclipse.jetty.server.session - DefaultSessionIdManager workerName=node0
2018-08-26 22:17:44,535 [Start Help Server] INFO  org.eclipse.jetty.server.session - No SessionScavenger set, using defaults
2018-08-26 22:17:44,542 [Start Help Server] INFO  org.eclipse.jetty.server.session - Scavenging every 600000ms
2018-08-26 22:17:44,573 [Start Help Server] INFO  o.e.j.server.handler.ContextHandler - Started o.e.j.s.ServletContextHandler@1b27f9d4{/help,null,AVAILABLE}
2018-08-26 22:17:44,610 [Start Help Server] INFO  o.e.jetty.server.AbstractConnector - Started ServerConnector@5bae6229{HTTP/1.1,[http/1.1]}{127.0.0.1:50327}
2018-08-26 22:17:44,610 [Start Help Server] INFO  org.eclipse.jetty.server.Server - Started @1947398ms
